Arguments: 
  /usr/local/bin/node /usr/bin/yarn add ds-math

PATH: 
  /home/racso/.local/bin:/home/racso/.bin:/usr/local/sbin:/usr/local/bin:/usr/bin:/usr/bin/site_perl:/usr/bin/vendor_perl:/usr/bin/core_perl:/var/lib/snapd/snap/bin

Yarn version: 
  1.22.17

Node version: 
  14.15.0

Platform: 
  linux x64

Trace: 
  Error: https://registry.yarnpkg.com/ds-math: Not found
      at Request.params.callback [as _callback] (/usr/lib/node_modules/yarn/lib/cli.js:67029:18)
      at Request.self.callback (/usr/lib/node_modules/yarn/lib/cli.js:140883:22)
      at Request.emit (events.js:315:20)
      at Request.<anonymous> (/usr/lib/node_modules/yarn/lib/cli.js:141855:10)
      at Request.emit (events.js:315:20)
      at IncomingMessage.<anonymous> (/usr/lib/node_modules/yarn/lib/cli.js:141777:12)
      at Object.onceWrapper (events.js:421:28)
      at IncomingMessage.emit (events.js:327:22)
      at endReadableNT (_stream_readable.js:1327:12)
      at processTicksAndRejections (internal/process/task_queues.js:80:21)

npm manifest: 
  {
    "name": "sellToken",
    "version": "1.0.0",
    "main": "index.js",
    "repository": "https://github.com/racso2609/solidity-token-sale.git",
    "author": "Oscar <oscaremiliolugo@gmail.com>",
    "license": "MIT"
  }

yarn manifest: 
  No manifest

Lockfile: 
  No lockfile
